# JRE version: Java(TM) SE Runtime Environment (8.0_66-b17) (build 1.8.0_66-b17)
# Java VM: Java HotSpot(TM) 64-Bit Server VM (25.66-b17 mixed mode windows-amd64 compressed oops)
Heap:
 PSYoungGen      total 212480K, used 30406K [0x00000000f2d80000, 0x00000000fff00000, 0x0000000100000000)
  eden space 211456K, 14% used [0x00000000f2d80000,0x00000000f4a72a08,0x00000000ffc00000)
  from space 1024K, 74% used [0x00000000ffe00000,0x00000000ffebee18,0x00000000fff00000)
  to   space 1536K, 0% used [0x00000000ffc00000,0x00000000ffc00000,0x00000000ffd80000)
 ParOldGen       total 50176K, used 39236K [0x00000000d8800000, 0x00000000db900000, 0x00000000f2d80000)
  object space 50176K, 78% used [0x00000000d8800000,0x00000000dae51288,0x00000000db900000)
 Metaspace       used 21851K, capacity 22224K, committed 22448K, reserved 1069056K
  class space    used 2662K, capacity 2790K, committed 2816K, reserved 1048576K
GC Heap History (10 events):
Event: 77.084 GC heap before
{Heap before GC invocations=208 (full 3):
 PSYoungGen      total 213504K, used 211862K [0x00000000f2d80000, 0x0000000100000000, 0x0000000100000000)
  eden space 211456K, 100% used [0x00000000f2d80000,0x00000000ffc00000,0x00000000ffc00000)
  from space 2048K, 19% used [0x00000000ffe00000,0x00000000ffe65ba8,0x0000000100000000)
  to   space 2048K, 0% used [0x00000000ffc00000,0x00000000ffc00000,0x00000000ffe00000)
 ParOldGen       total 50176K, used 39236K [0x00000000d8800000, 0x00000000db900000, 0x00000000f2d80000)
  object space 50176K, 78% used [0x00000000d8800000,0x00000000dae51288,0x00000000db900000)
 Metaspace       used 21851K, capacity 22224K, committed 22448K, reserved 1069056K
  class space    used 2662K, capacity 2790K, committed 2816K, reserved 1048576K
Event: 77.099 GC heap after
Heap after GC invocations=208 (full 3):
 PSYoungGen      total 213504K, used 985K [0x00000000f2d80000, 0x0000000100000000, 0x0000000100000000)
  eden space 211456K, 0% used [0x00000000f2d80000,0x00000000f2d80000,0x00000000ffc00000)
  from space 2048K, 48% used [0x00000000ffc00000,0x00000000ffcf6520,0x00000000ffe00000)
  to   space 2048K, 0% used [0x00000000ffe00000,0x00000000ffe00000,0x0000000100000000)
 ParOldGen       total 50176K, used 39236K [0x00000000d8800000, 0x00000000db900000, 0x00000000f2d80000)
  object space 50176K, 78% used [0x00000000d8800000,0x00000000dae51288,0x00000000db900000)
 Metaspace       used 21851K, capacity 22224K, committed 22448K, reserved 1069056K
  class space    used 2662K, capacity 2790K, committed 2816K, reserved 1048576K
}
Event: 77.412 GC heap before
{Heap before GC invocations=209 (full 3):
 PSYoungGen      total 213504K, used 212441K [0x00000000f2d80000, 0x0000000100000000, 0x0000000100000000)
  eden space 211456K, 100% used [0x00000000f2d80000,0x00000000ffc00000,0x00000000ffc00000)
  from space 2048K, 48% used [0x00000000ffc00000,0x00000000ffcf6520,0x00000000ffe00000)
  to   space 2048K, 0% used [0x00000000ffe00000,0x00000000ffe00000,0x0000000100000000)
 ParOldGen       total 50176K, used 39236K [0x00000000d8800000, 0x00000000db900000, 0x00000000f2d80000)
  object space 50176K, 78% used [0x00000000d8800000,0x00000000dae51288,0x00000000db900000)
 Metaspace       used 21851K, capacity 22224K, committed 22448K, reserved 1069056K
  class space    used 2662K, capacity 2790K, committed 2816K, reserved 1048576K
Event: 77.425 GC heap after
Heap after GC invocations=209 (full 3):
 PSYoungGen      total 213504K, used 795K [0x00000000f2d80000, 0x0000000100000000, 0x0000000100000000)
  eden space 211456K, 0% used [0x00000000f2d80000,0x00000000f2d80000,0x00000000ffc00000)
  from space 2048K, 38% used [0x00000000ffe00000,0x00000000ffec6e18,0x0000000100000000)
  to   space 2048K, 0% used [0x00000000ffc00000,0x00000000ffc00000,0x00000000ffe00000)
 ParOldGen       total 50176K, used 39236K [0x00000000d8800000, 0x00000000db900000, 0x00000000f2d80000)
  object space 50176K, 78% used [0x00000000d8800000,0x00000000dae51288,0x00000000db900000)
 Metaspace       used 21851K, capacity 22224K, committed 22448K, reserved 1069056K
  class space    used 2662K, capacity 2790K, committed 2816K, reserved 1048576K
}
Event: 77.810 GC heap before
{Heap before GC invocations=210 (full 3):
 PSYoungGen      total 213504K, used 212251K [0x00000000f2d80000, 0x0000000100000000, 0x0000000100000000)
  eden space 211456K, 100% used [0x00000000f2d80000,0x00000000ffc00000,0x00000000ffc00000)
  from space 2048K, 38% used [0x00000000ffe00000,0x00000000ffec6e18,0x0000000100000000)
  to   space 2048K, 0% used [0x00000000ffc00000,0x00000000ffc00000,0x00000000ffe00000)
 ParOldGen       total 50176K, used 39236K [0x00000000d8800000, 0x00000000db900000, 0x00000000f2d80000)
  object space 50176K, 78% used [0x00000000d8800000,0x00000000dae51288,0x00000000db900000)
 Metaspace       used 21851K, capacity 22224K, committed 22448K, reserved 1069056K
  class space    used 2662K, capacity 2790K, committed 2816K, reserved 1048576K
Event: 77.835 GC heap after
Heap after GC invocations=210 (full 3):
 PSYoungGen      total 213504K, used 342K [0x00000000f2d80000, 0x0000000100000000, 0x0000000100000000)
  eden space 211456K, 0% used [0x00000000f2d80000,0x00000000f2d80000,0x00000000ffc00000)
  from space 2048K, 16% used [0x00000000ffc00000,0x00000000ffc55ba8,0x00000000ffe00000)
  to   space 2048K, 0% used [0x00000000ffe00000,0x00000000ffe00000,0x0000000100000000)
 ParOldGen       total 50176K, used 39236K [0x00000000d8800000, 0x00000000db900000, 0x00000000f2d80000)
  object space 50176K, 78% used [0x00000000d8800000,0x00000000dae51288,0x00000000db900000)
 Metaspace       used 21851K, capacity 22224K, committed 22448K, reserved 1069056K
  class space    used 2662K, capacity 2790K, committed 2816K, reserved 1048576K
}
Event: 78.209 GC heap before
{Heap before GC invocations=211 (full 3):
 PSYoungGen      total 213504K, used 211798K [0x00000000f2d80000, 0x0000000100000000, 0x0000000100000000)
  eden space 211456K, 100% used [0x00000000f2d80000,0x00000000ffc00000,0x00000000ffc00000)
  from space 2048K, 16% used [0x00000000ffc00000,0x00000000ffc55ba8,0x00000000ffe00000)
  to   space 2048K, 0% used [0x00000000ffe00000,0x00000000ffe00000,0x0000000100000000)
 ParOldGen       total 50176K, used 39236K [0x00000000d8800000, 0x00000000db900000, 0x00000000f2d80000)
  object space 50176K, 78% used [0x00000000d8800000,0x00000000dae51288,0x00000000db900000)
 Metaspace       used 21851K, capacity 22224K, committed 22448K, reserved 1069056K
  class space    used 2662K, capacity 2790K, committed 2816K, reserved 1048576K
Event: 78.220 GC heap after
Heap after GC invocations=211 (full 3):
 PSYoungGen      total 213504K, used 859K [0x00000000f2d80000, 0x0000000100000000, 0x0000000100000000)
  eden space 211456K, 0% used [0x00000000f2d80000,0x00000000f2d80000,0x00000000ffc00000)
  from space 2048K, 41% used [0x00000000ffe00000,0x00000000ffed6e18,0x0000000100000000)
  to   space 2048K, 0% used [0x00000000ffc00000,0x00000000ffc00000,0x00000000ffe00000)
 ParOldGen       total 50176K, used 39236K [0x00000000d8800000, 0x00000000db900000, 0x00000000f2d80000)
  object space 50176K, 78% used [0x00000000d8800000,0x00000000dae51288,0x00000000db900000)
 Metaspace       used 21851K, capacity 22224K, committed 22448K, reserved 1069056K
  class space    used 2662K, capacity 2790K, committed 2816K, reserved 1048576K
}
Event: 78.590 GC heap before
{Heap before GC invocations=212 (full 3):
 PSYoungGen      total 213504K, used 212315K [0x00000000f2d80000, 0x0000000100000000, 0x0000000100000000)
  eden space 211456K, 100% used [0x00000000f2d80000,0x00000000ffc00000,0x00000000ffc00000)
  from space 2048K, 41% used [0x00000000ffe00000,0x00000000ffed6e18,0x0000000100000000)
  to   space 2048K, 0% used [0x00000000ffc00000,0x00000000ffc00000,0x00000000ffe00000)
 ParOldGen       total 50176K, used 39236K [0x00000000d8800000, 0x00000000db900000, 0x00000000f2d80000)
  object space 50176K, 78% used [0x00000000d8800000,0x00000000dae51288,0x00000000db900000)
 Metaspace       used 21851K, capacity 22224K, committed 22448K, reserved 1069056K
  class space    used 2662K, capacity 2790K, committed 2816K, reserved 1048576K
Event: 78.607 GC heap after
Heap after GC invocations=212 (full 3):
 PSYoungGen      total 213504K, used 530K [0x00000000f2d80000, 0x0000000100000000, 0x0000000100000000)
  eden space 211456K, 0% used [0x00000000f2d80000,0x00000000f2d80000,0x00000000ffc00000)
  from space 2048K, 25% used [0x00000000ffc00000,0x00000000ffc84970,0x00000000ffe00000)
  to   space 2048K, 0% used [0x00000000ffe00000,0x00000000ffe00000,0x0000000100000000)
 ParOldGen       total 50176K, used 39236K [0x00000000d8800000, 0x00000000db900000, 0x00000000f2d80000)
  object space 50176K, 78% used [0x00000000d8800000,0x00000000dae51288,0x00000000db900000)
 Metaspace       used 21851K, capacity 22224K, committed 22448K, reserved 1069056K
  class space    used 2662K, capacity 2790K, committed 2816K, reserved 1048576K
}

