# JRE version: Java(TM) SE Runtime Environment (8.0_66-b17) (build 1.8.0_66-b17)
# Java VM: Java HotSpot(TM) 64-Bit Server VM (25.66-b17 mixed mode windows-amd64 compressed oops)
Heap:
 PSYoungGen      total 212480K, used 42477K [0x00000000f2d80000, 0x00000000fff80000, 0x0000000100000000)
  eden space 209920K, 19% used [0x00000000f2d80000,0x00000000f563c620,0x00000000ffa80000)
  from space 2560K, 29% used [0x00000000ffa80000,0x00000000ffb3ee18,0x00000000ffd00000)
  to   space 2048K, 0% used [0x00000000ffd80000,0x00000000ffd80000,0x00000000fff80000)
 ParOldGen       total 54272K, used 36288K [0x00000000d8800000, 0x00000000dbd00000, 0x00000000f2d80000)
  object space 54272K, 66% used [0x00000000d8800000,0x00000000dab701d0,0x00000000dbd00000)
 Metaspace       used 21688K, capacity 22032K, committed 22448K, reserved 1069056K
  class space    used 2668K, capacity 2790K, committed 2816K, reserved 1048576K
GC Heap History (10 events):
Event: 179.969 GC heap before
{Heap before GC invocations=542 (full 3):
 PSYoungGen      total 211456K, used 209668K [0x00000000f2d80000, 0x00000000fff00000, 0x0000000100000000)
  eden space 209408K, 100% used [0x00000000f2d80000,0x00000000ffa00000,0x00000000ffa00000)
  from space 2048K, 12% used [0x00000000ffd00000,0x00000000ffd41278,0x00000000fff00000)
  to   space 2560K, 0% used [0x00000000ffa00000,0x00000000ffa00000,0x00000000ffc80000)
 ParOldGen       total 54272K, used 36288K [0x00000000d8800000, 0x00000000dbd00000, 0x00000000f2d80000)
  object space 54272K, 66% used [0x00000000d8800000,0x00000000dab701d0,0x00000000dbd00000)
 Metaspace       used 21688K, capacity 22032K, committed 22448K, reserved 1069056K
  class space    used 2668K, capacity 2790K, committed 2816K, reserved 1048576K
Event: 179.978 GC heap after
Heap after GC invocations=542 (full 3):
 PSYoungGen      total 211968K, used 1461K [0x00000000f2d80000, 0x00000000fff00000, 0x0000000100000000)
  eden space 209408K, 0% used [0x00000000f2d80000,0x00000000f2d80000,0x00000000ffa00000)
  from space 2560K, 57% used [0x00000000ffa00000,0x00000000ffb6d7a0,0x00000000ffc80000)
  to   space 2048K, 0% used [0x00000000ffd00000,0x00000000ffd00000,0x00000000fff00000)
 ParOldGen       total 54272K, used 36288K [0x00000000d8800000, 0x00000000dbd00000, 0x00000000f2d80000)
  object space 54272K, 66% used [0x00000000d8800000,0x00000000dab701d0,0x00000000dbd00000)
 Metaspace       used 21688K, capacity 22032K, committed 22448K, reserved 1069056K
  class space    used 2668K, capacity 2790K, committed 2816K, reserved 1048576K
}
Event: 180.276 GC heap before
{Heap before GC invocations=543 (full 3):
 PSYoungGen      total 211968K, used 210869K [0x00000000f2d80000, 0x00000000fff00000, 0x0000000100000000)
  eden space 209408K, 100% used [0x00000000f2d80000,0x00000000ffa00000,0x00000000ffa00000)
  from space 2560K, 57% used [0x00000000ffa00000,0x00000000ffb6d7a0,0x00000000ffc80000)
  to   space 2048K, 0% used [0x00000000ffd00000,0x00000000ffd00000,0x00000000fff00000)
 ParOldGen       total 54272K, used 36288K [0x00000000d8800000, 0x00000000dbd00000, 0x00000000f2d80000)
  object space 54272K, 66% used [0x00000000d8800000,0x00000000dab701d0,0x00000000dbd00000)
 Metaspace       used 21688K, capacity 22032K, committed 22448K, reserved 1069056K
  class space    used 2668K, capacity 2790K, committed 2816K, reserved 1048576K
Event: 180.284 GC heap after
Heap after GC invocations=543 (full 3):
 PSYoungGen      total 211456K, used 1017K [0x00000000f2d80000, 0x00000000fff00000, 0x0000000100000000)
  eden space 209408K, 0% used [0x00000000f2d80000,0x00000000f2d80000,0x00000000ffa00000)
  from space 2048K, 49% used [0x00000000ffd00000,0x00000000ffdfe520,0x00000000fff00000)
  to   space 2560K, 0% used [0x00000000ffa00000,0x00000000ffa00000,0x00000000ffc80000)
 ParOldGen       total 54272K, used 36288K [0x00000000d8800000, 0x00000000dbd00000, 0x00000000f2d80000)
  object space 54272K, 66% used [0x00000000d8800000,0x00000000dab701d0,0x00000000dbd00000)
 Metaspace       used 21688K, capacity 22032K, committed 22448K, reserved 1069056K
  class space    used 2668K, capacity 2790K, committed 2816K, reserved 1048576K
}
Event: 180.555 GC heap before
{Heap before GC invocations=544 (full 3):
 PSYoungGen      total 211456K, used 210425K [0x00000000f2d80000, 0x00000000fff00000, 0x0000000100000000)
  eden space 209408K, 100% used [0x00000000f2d80000,0x00000000ffa00000,0x00000000ffa00000)
  from space 2048K, 49% used [0x00000000ffd00000,0x00000000ffdfe520,0x00000000fff00000)
  to   space 2560K, 0% used [0x00000000ffa00000,0x00000000ffa00000,0x00000000ffc80000)
 ParOldGen       total 54272K, used 36288K [0x00000000d8800000, 0x00000000dbd00000, 0x00000000f2d80000)
  object space 54272K, 66% used [0x00000000d8800000,0x00000000dab701d0,0x00000000dbd00000)
 Metaspace       used 21688K, capacity 22032K, committed 22448K, reserved 1069056K
  class space    used 2668K, capacity 2790K, committed 2816K, reserved 1048576K
Event: 180.576 GC heap after
Heap after GC invocations=544 (full 3):
 PSYoungGen      total 211968K, used 763K [0x00000000f2d80000, 0x00000000fff00000, 0x0000000100000000)
  eden space 209408K, 0% used [0x00000000f2d80000,0x00000000f2d80000,0x00000000ffa00000)
  from space 2560K, 29% used [0x00000000ffa00000,0x00000000ffabee18,0x00000000ffc80000)
  to   space 2048K, 0% used [0x00000000ffd00000,0x00000000ffd00000,0x00000000fff00000)
 ParOldGen       total 54272K, used 36288K [0x00000000d8800000, 0x00000000dbd00000, 0x00000000f2d80000)
  object space 54272K, 66% used [0x00000000d8800000,0x00000000dab701d0,0x00000000dbd00000)
 Metaspace       used 21688K, capacity 22032K, committed 22448K, reserved 1069056K
  class space    used 2668K, capacity 2790K, committed 2816K, reserved 1048576K
}
Event: 180.828 GC heap before
{Heap before GC invocations=545 (full 3):
 PSYoungGen      total 211968K, used 210171K [0x00000000f2d80000, 0x00000000fff00000, 0x0000000100000000)
  eden space 209408K, 100% used [0x00000000f2d80000,0x00000000ffa00000,0x00000000ffa00000)
  from space 2560K, 29% used [0x00000000ffa00000,0x00000000ffabee18,0x00000000ffc80000)
  to   space 2048K, 0% used [0x00000000ffd00000,0x00000000ffd00000,0x00000000fff00000)
 ParOldGen       total 54272K, used 36288K [0x00000000d8800000, 0x00000000dbd00000, 0x00000000f2d80000)
  object space 54272K, 66% used [0x00000000d8800000,0x00000000dab701d0,0x00000000dbd00000)
 Metaspace       used 21688K, capacity 22032K, committed 22448K, reserved 1069056K
  class space    used 2668K, capacity 2790K, committed 2816K, reserved 1048576K
Event: 180.833 GC heap after
Heap after GC invocations=545 (full 3):
 PSYoungGen      total 211968K, used 731K [0x00000000f2d80000, 0x0000000100000000, 0x0000000100000000)
  eden space 209920K, 0% used [0x00000000f2d80000,0x00000000f2d80000,0x00000000ffa80000)
  from space 2048K, 35% used [0x00000000ffd00000,0x00000000ffdb6e18,0x00000000fff00000)
  to   space 2560K, 0% used [0x00000000ffa80000,0x00000000ffa80000,0x00000000ffd00000)
 ParOldGen       total 54272K, used 36288K [0x00000000d8800000, 0x00000000dbd00000, 0x00000000f2d80000)
  object space 54272K, 66% used [0x00000000d8800000,0x00000000dab701d0,0x00000000dbd00000)
 Metaspace       used 21688K, capacity 22032K, committed 22448K, reserved 1069056K
  class space    used 2668K, capacity 2790K, committed 2816K, reserved 1048576K
}
Event: 181.101 GC heap before
{Heap before GC invocations=546 (full 3):
 PSYoungGen      total 211968K, used 210651K [0x00000000f2d80000, 0x0000000100000000, 0x0000000100000000)
  eden space 209920K, 100% used [0x00000000f2d80000,0x00000000ffa80000,0x00000000ffa80000)
  from space 2048K, 35% used [0x00000000ffd00000,0x00000000ffdb6e18,0x00000000fff00000)
  to   space 2560K, 0% used [0x00000000ffa80000,0x00000000ffa80000,0x00000000ffd00000)
 ParOldGen       total 54272K, used 36288K [0x00000000d8800000, 0x00000000dbd00000, 0x00000000f2d80000)
  object space 54272K, 66% used [0x00000000d8800000,0x00000000dab701d0,0x00000000dbd00000)
 Metaspace       used 21688K, capacity 22032K, committed 22448K, reserved 1069056K
  class space    used 2668K, capacity 2790K, committed 2816K, reserved 1048576K
Event: 181.119 GC heap after
Heap after GC invocations=546 (full 3):
 PSYoungGen      total 212480K, used 763K [0x00000000f2d80000, 0x00000000fff80000, 0x0000000100000000)
  eden space 209920K, 0% used [0x00000000f2d80000,0x00000000f2d80000,0x00000000ffa80000)
  from space 2560K, 29% used [0x00000000ffa80000,0x00000000ffb3ee18,0x00000000ffd00000)
  to   space 2048K, 0% used [0x00000000ffd80000,0x00000000ffd80000,0x00000000fff80000)
 ParOldGen       total 54272K, used 36288K [0x00000000d8800000, 0x00000000dbd00000, 0x00000000f2d80000)
  object space 54272K, 66% used [0x00000000d8800000,0x00000000dab701d0,0x00000000dbd00000)
 Metaspace       used 21688K, capacity 22032K, committed 22448K, reserved 1069056K
  class space    used 2668K, capacity 2790K, committed 2816K, reserved 1048576K
}

